Tue Sep 12 2017 20:19:26 GMT+0530 (IST): GET /
Tue Sep 12 2017 20:19:28 GMT+0530 (IST): GET /
Tue Sep 12 2017 20:19:30 GMT+0530 (IST): GET /about
Tue Sep 12 2017 20:19:31 GMT+0530 (IST): GET /
Tue Sep 12 2017 20:19:32 GMT+0530 (IST): GET /
Tue Sep 12 2017 20:19:33 GMT+0530 (IST): GET /about
Tue Sep 12 2017 20:19:33 GMT+0530 (IST): GET /
Tue Sep 12 2017 20:19:34 GMT+0530 (IST): GET /about
Tue Sep 12 2017 20:19:34 GMT+0530 (IST): GET /
Tue Sep 12 2017 20:23:18 GMT+0530 (IST): GET /
Tue Sep 12 2017 20:23:26 GMT+0530 (IST): GET /
Tue Sep 12 2017 20:23:27 GMT+0530 (IST): GET /
Tue Sep 12 2017 20:23:36 GMT+0530 (IST): GET /
Tue Sep 12 2017 20:23:59 GMT+0530 (IST): GET /
Tue Sep 12 2017 20:35:35 GMT+0530 (IST): GET /
Tue Sep 12 2017 21:05:36 GMT+0530 (IST): GET /about
Tue Sep 12 2017 21:05:42 GMT+0530 (IST): GET /about?hi=hi
Tue Sep 12 2017 21:05:50 GMT+0530 (IST): GET /about
Tue Sep 12 2017 21:09:34 GMT+0530 (IST): GET /about
Tue Sep 12 2017 21:09:39 GMT+0530 (IST): GET /about
Wed Sep 13 2017 01:41:55 GMT+0530 (IST): GET /about
Wed Sep 13 2017 19:56:48 GMT+0530 (IST): GET /about
Wed Sep 13 2017 19:56:50 GMT+0530 (IST): GET /about
Thu Sep 14 2017 01:43:00 GMT+0530 (IST): GET /about
Thu Sep 14 2017 01:44:15 GMT+0530 (IST): GET /about
Thu Sep 14 2017 01:44:21 GMT+0530 (IST): GET /about
Thu Sep 14 2017 01:44:24 GMT+0530 (IST): GET /about
Thu Sep 14 2017 01:44:28 GMT+0530 (IST): GET /
Thu Sep 14 2017 01:44:31 GMT+0530 (IST): GET /hi
Thu Sep 14 2017 01:44:36 GMT+0530 (IST): GET /mnkjnk
Thu Sep 14 2017 01:44:38 GMT+0530 (IST): GET /
Thu Sep 14 2017 01:45:27 GMT+0530 (IST): GET /
Thu Sep 14 2017 01:45:28 GMT+0530 (IST): GET /
Thu Sep 14 2017 01:45:28 GMT+0530 (IST): GET /
Thu Sep 14 2017 01:45:28 GMT+0530 (IST): GET /
Thu Sep 14 2017 01:45:28 GMT+0530 (IST): GET /
Thu Sep 14 2017 01:45:34 GMT+0530 (IST): GET /
Thu Sep 14 2017 01:45:35 GMT+0530 (IST): GET /
Thu Sep 14 2017 01:45:37 GMT+0530 (IST): GET /
Thu Sep 14 2017 01:45:38 GMT+0530 (IST): GET /
Thu Sep 14 2017 01:46:03 GMT+0530 (IST): GET /
Thu Sep 14 2017 01:46:05 GMT+0530 (IST): GET /
Thu Sep 14 2017 01:46:13 GMT+0530 (IST): GET /
Thu Sep 14 2017 01:46:21 GMT+0530 (IST): GET /
Thu Sep 14 2017 01:46:25 GMT+0530 (IST): GET /
Thu Sep 14 2017 01:49:09 GMT+0530 (IST): GET /
Thu Sep 14 2017 01:49:14 GMT+0530 (IST): GET /help.html
Thu Sep 14 2017 01:49:24 GMT+0530 (IST): GET /help.html
Thu Sep 14 2017 01:49:52 GMT+0530 (IST): GET /help.html
Thu Sep 14 2017 01:49:53 GMT+0530 (IST): GET /help.html
Thu Sep 14 2017 01:49:57 GMT+0530 (IST): GET /
Thu Sep 14 2017 01:50:15 GMT+0530 (IST): GET /
Thu Sep 14 2017 01:50:16 GMT+0530 (IST): GET /
Thu Sep 14 2017 01:50:54 GMT+0530 (IST): GET /
Thu Sep 14 2017 01:50:55 GMT+0530 (IST): GET /
Thu Sep 14 2017 01:50:55 GMT+0530 (IST): GET /about
Thu Sep 14 2017 01:50:56 GMT+0530 (IST): GET /
Thu Sep 14 2017 01:50:57 GMT+0530 (IST): GET /
